{"C:\\Users\\sodaw\\Documents\\Projet 9-OPC\\Billed-app-FR\\src\\constants\\routes.js": {"path":"C:\\Users\\sodaw\\Documents\\Projet 9-OPC\\Billed-app-FR\\src\\constants\\routes.js","statementMap":{"0":{"start":{"line":6,"column":27},"end":{"line":11,"column":1}},"1":{"start":{"line":13,"column":22},"end":{"line":26,"column":1}},"2":{"start":{"line":14,"column":2},"end":{"line":25,"column":3}},"3":{"start":{"line":16,"column":6},"end":{"line":16,"column":46}},"4":{"start":{"line":18,"column":6},"end":{"line":18,"column":46}},"5":{"start":{"line":20,"column":6},"end":{"line":20,"column":24}},"6":{"start":{"line":22,"column":6},"end":{"line":22,"column":50}},"7":{"start":{"line":24,"column":6},"end":{"line":24,"column":46}}},"fnMap":{"0":{"name":"(anonymous_0)","decl":{"start":{"line":13,"column":22},"end":{"line":13,"column":23}},"loc":{"start":{"line":13,"column":62},"end":{"line":26,"column":1}},"line":13}},"branchMap":{"0":{"loc":{"start":{"line":14,"column":2},"end":{"line":25,"column":3}},"type":"switch","locations":[{"start":{"line":15,"column":4},"end":{"line":16,"column":46}},{"start":{"line":17,"column":4},"end":{"line":18,"column":46}},{"start":{"line":19,"column":4},"end":{"line":20,"column":24}},{"start":{"line":21,"column":4},"end":{"line":22,"column":50}},{"start":{"line":23,"column":4},"end":{"line":24,"column":46}}],"line":14}},"s":{"0":5,"1":5,"2":13,"3":3,"4":3,"5":1,"6":5,"7":1},"f":{"0":13},"b":{"0":[3,3,1,5,1]},"_coverageSchema":"1a1c01bbd47fc00a2c39e90264f33305004495a9","hash":"b8efd7fe981dbdacd4dcd45aaaa7eb6a168b656b"}
,"C:\\Users\\sodaw\\Documents\\Projet 9-OPC\\Billed-app-FR\\src\\constants\\usersTest.js": {"path":"C:\\Users\\sodaw\\Documents\\Projet 9-OPC\\Billed-app-FR\\src\\constants\\usersTest.js","statementMap":{},"fnMap":{},"branchMap":{},"s":{},"f":{},"b":{},"_coverageSchema":"1a1c01bbd47fc00a2c39e90264f33305004495a9","hash":"dfd7b38f83cb8b4fc50b425d17a4dc21767d96f3"}
,"C:\\Users\\sodaw\\Documents\\Projet 9-OPC\\Billed-app-FR\\src\\containers\\Bills.js": {"path":"C:\\Users\\sodaw\\Documents\\Projet 9-OPC\\Billed-app-FR\\src\\containers\\Bills.js","statementMap":{"0":{"start":{"line":12,"column":4},"end":{"line":12,"column":28}},"1":{"start":{"line":13,"column":4},"end":{"line":13,"column":32}},"2":{"start":{"line":14,"column":4},"end":{"line":14,"column":30}},"3":{"start":{"line":15,"column":26},"end":{"line":15,"column":86}},"4":{"start":{"line":16,"column":4},"end":{"line":17,"column":30}},"5":{"start":{"line":16,"column":23},"end":{"line":17,"column":30}},"6":{"start":{"line":18,"column":20},"end":{"line":18,"column":76}},"7":{"start":{"line":19,"column":4},"end":{"line":21,"column":6}},"8":{"start":{"line":19,"column":17},"end":{"line":21,"column":6}},"9":{"start":{"line":20,"column":6},"end":{"line":20,"column":74}},"10":{"start":{"line":20,"column":44},"end":{"line":20,"column":73}},"11":{"start":{"line":22,"column":4},"end":{"line":22,"column":54}},"12":{"start":{"line":25,"column":23},"end":{"line":27,"column":3}},"13":{"start":{"line":26,"column":4},"end":{"line":26,"column":43}},"14":{"start":{"line":29,"column":23},"end":{"line":42,"column":3}},"15":{"start":{"line":30,"column":20},"end":{"line":30,"column":54}},"16":{"start":{"line":31,"column":21},"end":{"line":31,"column":74}},"17":{"start":{"line":32,"column":4},"end":{"line":41,"column":5}},"18":{"start":{"line":33,"column":21},"end":{"line":33,"column":63}},"19":{"start":{"line":34,"column":4},"end":{"line":37,"column":90}},"20":{"start":{"line":38,"column":4},"end":{"line":38,"column":34}},"21":{"start":{"line":40,"column":6},"end":{"line":40,"column":35}},"22":{"start":{"line":45,"column":13},"end":{"line":68,"column":3}},"23":{"start":{"line":46,"column":22},"end":{"line":47,"column":57}},"24":{"start":{"line":48,"column":4},"end":{"line":67,"column":5}},"25":{"start":{"line":49,"column":6},"end":{"line":66,"column":30}},"26":{"start":{"line":57,"column":22},"end":{"line":63,"column":52}},"27":{"start":{"line":57,"column":48},"end":{"line":63,"column":9}},"28":{"start":{"line":63,"column":27},"end":{"line":63,"column":51}},"29":{"start":{"line":65,"column":8},"end":{"line":65,"column":20}},"30":{"start":{"line":66,"column":24},"end":{"line":66,"column":29}}},"fnMap":{"0":{"name":"(anonymous_0)","decl":{"start":{"line":11,"column":2},"end":{"line":11,"column":3}},"loc":{"start":{"line":11,"column":66},"end":{"line":23,"column":3}},"line":11},"1":{"name":"(anonymous_1)","decl":{"start":{"line":19,"column":33},"end":{"line":19,"column":34}},"loc":{"start":{"line":19,"column":41},"end":{"line":21,"column":5}},"line":19},"2":{"name":"(anonymous_2)","decl":{"start":{"line":20,"column":37},"end":{"line":20,"column":38}},"loc":{"start":{"line":20,"column":44},"end":{"line":20,"column":73}},"line":20},"3":{"name":"(anonymous_3)","decl":{"start":{"line":25,"column":23},"end":{"line":25,"column":24}},"loc":{"start":{"line":25,"column":28},"end":{"line":27,"column":3}},"line":25},"4":{"name":"(anonymous_4)","decl":{"start":{"line":29,"column":23},"end":{"line":29,"column":24}},"loc":{"start":{"line":29,"column":33},"end":{"line":42,"column":3}},"line":29},"5":{"name":"(anonymous_5)","decl":{"start":{"line":45,"column":13},"end":{"line":45,"column":14}},"loc":{"start":{"line":45,"column":19},"end":{"line":68,"column":3}},"line":45},"6":{"name":"(anonymous_6)","decl":{"start":{"line":49,"column":47},"end":{"line":49,"column":48}},"loc":{"start":{"line":49,"column":59},"end":{"line":66,"column":7}},"line":49},"7":{"name":"(anonymous_7)","decl":{"start":{"line":57,"column":40},"end":{"line":57,"column":41}},"loc":{"start":{"line":57,"column":48},"end":{"line":63,"column":9}},"line":57},"8":{"name":"(anonymous_8)","decl":{"start":{"line":63,"column":19},"end":{"line":63,"column":20}},"loc":{"start":{"line":63,"column":27},"end":{"line":63,"column":51}},"line":63},"9":{"name":"(anonymous_9)","decl":{"start":{"line":66,"column":15},"end":{"line":66,"column":16}},"loc":{"start":{"line":66,"column":24},"end":{"line":66,"column":29}},"line":66}},"branchMap":{"0":{"loc":{"start":{"line":16,"column":4},"end":{"line":17,"column":30}},"type":"if","locations":[{"start":{"line":16,"column":4},"end":{"line":17,"column":30}},{"start":{"line":16,"column":4},"end":{"line":17,"column":30}}],"line":16},"1":{"loc":{"start":{"line":19,"column":4},"end":{"line":21,"column":6}},"type":"if","locations":[{"start":{"line":19,"column":4},"end":{"line":21,"column":6}},{"start":{"line":19,"column":4},"end":{"line":21,"column":6}}],"line":19},"2":{"loc":{"start":{"line":32,"column":4},"end":{"line":41,"column":5}},"type":"if","locations":[{"start":{"line":32,"column":4},"end":{"line":41,"column":5}},{"start":{"line":32,"column":4},"end":{"line":41,"column":5}}],"line":32},"3":{"loc":{"start":{"line":46,"column":22},"end":{"line":47,"column":57}},"type":"cond-expr","locations":[{"start":{"line":47,"column":6},"end":{"line":47,"column":52}},{"start":{"line":47,"column":55},"end":{"line":47,"column":57}}],"line":46},"4":{"loc":{"start":{"line":48,"column":4},"end":{"line":67,"column":5}},"type":"if","locations":[{"start":{"line":48,"column":4},"end":{"line":67,"column":5}},{"start":{"line":48,"column":4},"end":{"line":67,"column":5}}],"line":48}},"s":{"0":0,"1":0,"2":0,"3":0,"4":0,"5":0,"6":0,"7":0,"8":0,"9":0,"10":0,"11":0,"12":0,"13":0,"14":0,"15":0,"16":0,"17":0,"18":0,"19":0,"20":0,"21":0,"22":0,"23":0,"24":0,"25":0,"26":0,"27":0,"28":0,"29":0,"30":0},"f":{"0":0,"1":0,"2":0,"3":0,"4":0,"5":0,"6":0,"7":0,"8":0,"9":0},"b":{"0":[0,0],"1":[0,0],"2":[0,0],"3":[0,0],"4":[0,0]}}
,"C:\\Users\\sodaw\\Documents\\Projet 9-OPC\\Billed-app-FR\\src\\containers\\Dashboard.js": {"path":"C:\\Users\\sodaw\\Documents\\Projet 9-OPC\\Billed-app-FR\\src\\containers\\Dashboard.js","statementMap":{"0":{"start":{"line":8,"column":29},"end":{"line":27,"column":1}},"1":{"start":{"line":9,"column":2},"end":{"line":26,"column":11}},"2":{"start":{"line":15,"column":6},"end":{"line":23,"column":7}},"3":{"start":{"line":16,"column":8},"end":{"line":16,"column":50}},"4":{"start":{"line":19,"column":26},"end":{"line":19,"column":72}},"5":{"start":{"line":20,"column":8},"end":{"line":22,"column":57}},"6":{"start":{"line":25,"column":6},"end":{"line":25,"column":28}},"7":{"start":{"line":29,"column":20},"end":{"line":52,"column":1}},"8":{"start":{"line":30,"column":28},"end":{"line":30,"column":52}},"9":{"start":{"line":31,"column":20},"end":{"line":32,"column":40}},"10":{"start":{"line":33,"column":19},"end":{"line":34,"column":53}},"11":{"start":{"line":36,"column":2},"end":{"line":51,"column":4}},"12":{"start":{"line":54,"column":21},"end":{"line":56,"column":1}},"13":{"start":{"line":55,"column":2},"end":{"line":55,"column":76}},"14":{"start":{"line":55,"column":51},"end":{"line":55,"column":61}},"15":{"start":{"line":58,"column":25},"end":{"line":67,"column":1}},"16":{"start":{"line":59,"column":2},"end":{"line":66,"column":3}},"17":{"start":{"line":61,"column":6},"end":{"line":61,"column":22}},"18":{"start":{"line":63,"column":6},"end":{"line":63,"column":23}},"19":{"start":{"line":65,"column":6},"end":{"line":65,"column":22}},"20":{"start":{"line":71,"column":4},"end":{"line":71,"column":28}},"21":{"start":{"line":72,"column":4},"end":{"line":72,"column":32}},"22":{"start":{"line":73,"column":4},"end":{"line":73,"column":30}},"23":{"start":{"line":75,"column":4},"end":{"line":75,"column":71}},"24":{"start":{"line":75,"column":35},"end":{"line":75,"column":70}},"25":{"start":{"line":76,"column":4},"end":{"line":76,"column":71}},"26":{"start":{"line":76,"column":35},"end":{"line":76,"column":70}},"27":{"start":{"line":77,"column":4},"end":{"line":77,"column":71}},"28":{"start":{"line":77,"column":35},"end":{"line":77,"column":70}},"29":{"start":{"line":78,"column":4},"end":{"line":78,"column":27}},"30":{"start":{"line":79,"column":4},"end":{"line":79,"column":44}},"31":{"start":{"line":82,"column":23},"end":{"line":93,"column":3}},"32":{"start":{"line":83,"column":20},"end":{"line":83,"column":58}},"33":{"start":{"line":84,"column":21},"end":{"line":84,"column":49}},"34":{"start":{"line":85,"column":21},"end":{"line":85,"column":69}},"35":{"start":{"line":86,"column":4},"end":{"line":92,"column":5}},"36":{"start":{"line":87,"column":6},"end":{"line":87,"column":136}},"37":{"start":{"line":88,"column":6},"end":{"line":88,"column":98}},"38":{"start":{"line":88,"column":62},"end":{"line":88,"column":98}},"39":{"start":{"line":90,"column":6},"end":{"line":90,"column":37}},"40":{"start":{"line":96,"column":21},"end":{"line":96,"column":65}},"41":{"start":{"line":100,"column":4},"end":{"line":102,"column":6}},"42":{"start":{"line":101,"column":8},"end":{"line":101,"column":52}},"43":{"start":{"line":104,"column":4},"end":{"line":111,"column":5}},"44":{"start":{"line":105,"column":6},"end":{"line":107,"column":8}},"45":{"start":{"line":109,"column":6},"end":{"line":109,"column":51}},"46":{"start":{"line":110,"column":6},"end":{"line":110,"column":69}},"47":{"start":{"line":113,"column":4},"end":{"line":113,"column":50}},"48":{"start":{"line":115,"column":4},"end":{"line":115,"column":51}},"49":{"start":{"line":116,"column":4},"end":{"line":116,"column":72}},"50":{"start":{"line":116,"column":39},"end":{"line":116,"column":71}},"51":{"start":{"line":117,"column":4},"end":{"line":117,"column":72}},"52":{"start":{"line":117,"column":39},"end":{"line":117,"column":71}},"53":{"start":{"line":120,"column":23},"end":{"line":128,"column":3}},"54":{"start":{"line":121,"column":20},"end":{"line":125,"column":5}},"55":{"start":{"line":126,"column":4},"end":{"line":126,"column":28}},"56":{"start":{"line":127,"column":4},"end":{"line":127,"column":45}},"57":{"start":{"line":130,"column":23},"end":{"line":138,"column":3}},"58":{"start":{"line":131,"column":20},"end":{"line":135,"column":5}},"59":{"start":{"line":136,"column":4},"end":{"line":136,"column":28}},"60":{"start":{"line":137,"column":4},"end":{"line":137,"column":45}},"61":{"start":{"line":141,"column":4},"end":{"line":141,"column":76}},"62":{"start":{"line":141,"column":58},"end":{"line":141,"column":76}},"63":{"start":{"line":142,"column":4},"end":{"line":142,"column":22}},"64":{"start":{"line":144,"column":4},"end":{"line":152,"column":5}},"65":{"start":{"line":145,"column":6},"end":{"line":145,"column":57}},"66":{"start":{"line":146,"column":6},"end":{"line":147,"column":15}},"67":{"start":{"line":149,"column":6},"end":{"line":149,"column":54}},"68":{"start":{"line":150,"column":6},"end":{"line":151,"column":65}},"69":{"start":{"line":154,"column":4},"end":{"line":154,"column":36}},"70":{"start":{"line":155,"column":4},"end":{"line":159,"column":6}},"71":{"start":{"line":155,"column":25},"end":{"line":155,"column":62}},"72":{"start":{"line":156,"column":6},"end":{"line":158,"column":47}},"73":{"start":{"line":157,"column":8},"end":{"line":157,"column":45}},"74":{"start":{"line":158,"column":8},"end":{"line":158,"column":45}},"75":{"start":{"line":161,"column":4},"end":{"line":161,"column":16}},"76":{"start":{"line":165,"column":21},"end":{"line":182,"column":3}},"77":{"start":{"line":166,"column":4},"end":{"line":181,"column":5}},"78":{"start":{"line":167,"column":6},"end":{"line":180,"column":25}},"79":{"start":{"line":171,"column":22},"end":{"line":177,"column":11}},"80":{"start":{"line":172,"column":21},"end":{"line":177,"column":9}},"81":{"start":{"line":178,"column":8},"end":{"line":178,"column":20}},"82":{"start":{"line":185,"column":15},"end":{"line":193,"column":3}},"83":{"start":{"line":186,"column":4},"end":{"line":192,"column":5}},"84":{"start":{"line":187,"column":4},"end":{"line":191,"column":25}},"85":{"start":{"line":190,"column":20},"end":{"line":190,"column":24}}},"fnMap":{"0":{"name":"(anonymous_0)","decl":{"start":{"line":8,"column":29},"end":{"line":8,"column":30}},"loc":{"start":{"line":8,"column":47},"end":{"line":27,"column":1}},"line":8},"1":{"name":"(anonymous_1)","decl":{"start":{"line":10,"column":16},"end":{"line":10,"column":17}},"loc":{"start":{"line":10,"column":24},"end":{"line":26,"column":5}},"line":10},"2":{"name":"(anonymous_2)","decl":{"start":{"line":29,"column":20},"end":{"line":29,"column":21}},"loc":{"start":{"line":29,"column":30},"end":{"line":52,"column":1}},"line":29},"3":{"name":"(anonymous_3)","decl":{"start":{"line":54,"column":21},"end":{"line":54,"column":22}},"loc":{"start":{"line":54,"column":32},"end":{"line":56,"column":1}},"line":54},"4":{"name":"(anonymous_4)","decl":{"start":{"line":55,"column":43},"end":{"line":55,"column":44}},"loc":{"start":{"line":55,"column":51},"end":{"line":55,"column":61}},"line":55},"5":{"name":"(anonymous_5)","decl":{"start":{"line":58,"column":25},"end":{"line":58,"column":26}},"loc":{"start":{"line":58,"column":36},"end":{"line":67,"column":1}},"line":58},"6":{"name":"(anonymous_6)","decl":{"start":{"line":70,"column":2},"end":{"line":70,"column":3}},"loc":{"start":{"line":70,"column":72},"end":{"line":80,"column":3}},"line":70},"7":{"name":"(anonymous_7)","decl":{"start":{"line":75,"column":28},"end":{"line":75,"column":29}},"loc":{"start":{"line":75,"column":35},"end":{"line":75,"column":70}},"line":75},"8":{"name":"(anonymous_8)","decl":{"start":{"line":76,"column":28},"end":{"line":76,"column":29}},"loc":{"start":{"line":76,"column":35},"end":{"line":76,"column":70}},"line":76},"9":{"name":"(anonymous_9)","decl":{"start":{"line":77,"column":28},"end":{"line":77,"column":29}},"loc":{"start":{"line":77,"column":35},"end":{"line":77,"column":70}},"line":77},"10":{"name":"(anonymous_10)","decl":{"start":{"line":82,"column":23},"end":{"line":82,"column":24}},"loc":{"start":{"line":82,"column":29},"end":{"line":93,"column":3}},"line":82},"11":{"name":"(anonymous_11)","decl":{"start":{"line":95,"column":2},"end":{"line":95,"column":3}},"loc":{"start":{"line":95,"column":35},"end":{"line":118,"column":3}},"line":95},"12":{"name":"(anonymous_12)","decl":{"start":{"line":100,"column":18},"end":{"line":100,"column":19}},"loc":{"start":{"line":100,"column":23},"end":{"line":102,"column":5}},"line":100},"13":{"name":"(anonymous_13)","decl":{"start":{"line":116,"column":32},"end":{"line":116,"column":33}},"loc":{"start":{"line":116,"column":39},"end":{"line":116,"column":71}},"line":116},"14":{"name":"(anonymous_14)","decl":{"start":{"line":117,"column":32},"end":{"line":117,"column":33}},"loc":{"start":{"line":117,"column":39},"end":{"line":117,"column":71}},"line":117},"15":{"name":"(anonymous_15)","decl":{"start":{"line":120,"column":23},"end":{"line":120,"column":24}},"loc":{"start":{"line":120,"column":36},"end":{"line":128,"column":3}},"line":120},"16":{"name":"(anonymous_16)","decl":{"start":{"line":130,"column":23},"end":{"line":130,"column":24}},"loc":{"start":{"line":130,"column":36},"end":{"line":138,"column":3}},"line":130},"17":{"name":"(anonymous_17)","decl":{"start":{"line":140,"column":2},"end":{"line":140,"column":3}},"loc":{"start":{"line":140,"column":37},"end":{"line":162,"column":3}},"line":140},"18":{"name":"(anonymous_18)","decl":{"start":{"line":155,"column":17},"end":{"line":155,"column":18}},"loc":{"start":{"line":155,"column":25},"end":{"line":155,"column":62}},"line":155},"19":{"name":"(anonymous_19)","decl":{"start":{"line":155,"column":72},"end":{"line":155,"column":73}},"loc":{"start":{"line":155,"column":80},"end":{"line":159,"column":5}},"line":155},"20":{"name":"(anonymous_20)","decl":{"start":{"line":156,"column":38},"end":{"line":156,"column":39}},"loc":{"start":{"line":156,"column":45},"end":{"line":158,"column":46}},"line":156},"21":{"name":"(anonymous_21)","decl":{"start":{"line":165,"column":21},"end":{"line":165,"column":22}},"loc":{"start":{"line":165,"column":27},"end":{"line":182,"column":3}},"line":165},"22":{"name":"(anonymous_22)","decl":{"start":{"line":170,"column":12},"end":{"line":170,"column":13}},"loc":{"start":{"line":170,"column":24},"end":{"line":179,"column":7}},"line":170},"23":{"name":"(anonymous_23)","decl":{"start":{"line":172,"column":13},"end":{"line":172,"column":14}},"loc":{"start":{"line":172,"column":21},"end":{"line":177,"column":9}},"line":172},"24":{"name":"(anonymous_24)","decl":{"start":{"line":185,"column":15},"end":{"line":185,"column":16}},"loc":{"start":{"line":185,"column":25},"end":{"line":193,"column":3}},"line":185},"25":{"name":"(anonymous_25)","decl":{"start":{"line":190,"column":12},"end":{"line":190,"column":13}},"loc":{"start":{"line":190,"column":20},"end":{"line":190,"column":24}},"line":190}},"branchMap":{"0":{"loc":{"start":{"line":9,"column":9},"end":{"line":26,"column":11}},"type":"cond-expr","locations":[{"start":{"line":10,"column":4},"end":{"line":26,"column":6}},{"start":{"line":26,"column":9},"end":{"line":26,"column":11}}],"line":9},"1":{"loc":{"start":{"line":9,"column":10},"end":{"line":9,"column":29}},"type":"binary-expr","locations":[{"start":{"line":9,"column":10},"end":{"line":9,"column":14}},{"start":{"line":9,"column":18},"end":{"line":9,"column":29}}],"line":9},"2":{"loc":{"start":{"line":15,"column":6},"end":{"line":23,"column":7}},"type":"if","locations":[{"start":{"line":15,"column":6},"end":{"line":23,"column":7}},{"start":{"line":15,"column":6},"end":{"line":23,"column":7}}],"line":15},"3":{"loc":{"start":{"line":21,"column":10},"end":{"line":22,"column":57}},"type":"binary-expr","locations":[{"start":{"line":21,"column":11},"end":{"line":21,"column":33}},{"start":{"line":22,"column":10},"end":{"line":22,"column":57}}],"line":21},"4":{"loc":{"start":{"line":31,"column":20},"end":{"line":32,"column":40}},"type":"cond-expr","locations":[{"start":{"line":32,"column":4},"end":{"line":32,"column":35}},{"start":{"line":32,"column":38},"end":{"line":32,"column":40}}],"line":31},"5":{"loc":{"start":{"line":33,"column":19},"end":{"line":34,"column":53}},"type":"cond-expr","locations":[{"start":{"line":34,"column":2},"end":{"line":34,"column":33}},{"start":{"line":34,"column":36},"end":{"line":34,"column":53}}],"line":33},"6":{"loc":{"start":{"line":55,"column":9},"end":{"line":55,"column":76}},"type":"cond-expr","locations":[{"start":{"line":55,"column":33},"end":{"line":55,"column":71}},{"start":{"line":55,"column":74},"end":{"line":55,"column":76}}],"line":55},"7":{"loc":{"start":{"line":55,"column":9},"end":{"line":55,"column":30}},"type":"binary-expr","locations":[{"start":{"line":55,"column":9},"end":{"line":55,"column":14}},{"start":{"line":55,"column":18},"end":{"line":55,"column":30}}],"line":55},"8":{"loc":{"start":{"line":59,"column":2},"end":{"line":66,"column":3}},"type":"switch","locations":[{"start":{"line":60,"column":4},"end":{"line":61,"column":22}},{"start":{"line":62,"column":4},"end":{"line":63,"column":23}},{"start":{"line":64,"column":4},"end":{"line":65,"column":22}}],"line":59},"9":{"loc":{"start":{"line":86,"column":4},"end":{"line":92,"column":5}},"type":"if","locations":[{"start":{"line":86,"column":4},"end":{"line":92,"column":5}},{"start":{"line":86,"column":4},"end":{"line":92,"column":5}}],"line":86},"10":{"loc":{"start":{"line":88,"column":6},"end":{"line":88,"column":98}},"type":"if","locations":[{"start":{"line":88,"column":6},"end":{"line":88,"column":98}},{"start":{"line":88,"column":6},"end":{"line":88,"column":98}}],"line":88},"11":{"loc":{"start":{"line":104,"column":4},"end":{"line":111,"column":5}},"type":"if","locations":[{"start":{"line":104,"column":4},"end":{"line":111,"column":5}},{"start":{"line":104,"column":4},"end":{"line":111,"column":5}}],"line":104},"12":{"loc":{"start":{"line":141,"column":4},"end":{"line":141,"column":76}},"type":"if","locations":[{"start":{"line":141,"column":4},"end":{"line":141,"column":76}},{"start":{"line":141,"column":4},"end":{"line":141,"column":76}}],"line":141},"13":{"loc":{"start":{"line":141,"column":8},"end":{"line":141,"column":56}},"type":"binary-expr","locations":[{"start":{"line":141,"column":8},"end":{"line":141,"column":32}},{"start":{"line":141,"column":36},"end":{"line":141,"column":56}}],"line":141},"14":{"loc":{"start":{"line":144,"column":4},"end":{"line":152,"column":5}},"type":"if","locations":[{"start":{"line":144,"column":4},"end":{"line":152,"column":5}},{"start":{"line":144,"column":4},"end":{"line":152,"column":5}}],"line":144},"15":{"loc":{"start":{"line":166,"column":4},"end":{"line":181,"column":5}},"type":"if","locations":[{"start":{"line":166,"column":4},"end":{"line":181,"column":5}},{"start":{"line":166,"column":4},"end":{"line":181,"column":5}}],"line":166},"16":{"loc":{"start":{"line":186,"column":4},"end":{"line":192,"column":5}},"type":"if","locations":[{"start":{"line":186,"column":4},"end":{"line":192,"column":5}},{"start":{"line":186,"column":4},"end":{"line":192,"column":5}}],"line":186}},"s":{"0":5,"1":27,"2":24,"3":24,"4":0,"5":0,"6":24,"7":5,"8":8,"9":8,"10":8,"11":8,"12":5,"13":5,"14":8,"15":5,"16":19,"17":9,"18":5,"19":5,"20":5,"21":5,"22":5,"23":5,"24":0,"25":5,"26":0,"27":5,"28":0,"29":5,"30":5,"31":5,"32":1,"33":1,"34":1,"35":1,"36":1,"37":1,"38":0,"39":0,"40":2,"41":2,"42":8,"43":2,"44":1,"45":1,"46":1,"47":2,"48":2,"49":2,"50":0,"51":2,"52":0,"53":5,"54":1,"55":1,"56":1,"57":5,"58":1,"59":1,"60":1,"61":4,"62":3,"63":4,"64":4,"65":1,"66":1,"67":3,"68":3,"69":4,"70":4,"71":16,"72":5,"73":0,"74":0,"75":4,"76":5,"77":5,"78":0,"79":0,"80":0,"81":0,"82":5,"83":2,"84":0,"85":0},"f":{"0":27,"1":24,"2":8,"3":5,"4":8,"5":19,"6":5,"7":0,"8":0,"9":0,"10":1,"11":2,"12":8,"13":0,"14":0,"15":1,"16":1,"17":4,"18":16,"19":5,"20":0,"21":5,"22":0,"23":0,"24":2,"25":0},"b":{"0":[6,21],"1":[27,6],"2":[24,0],"3":[0,0],"4":[0,8],"5":[0,8],"6":[4,1],"7":[5,5],"8":[9,5,5],"9":[1,0],"10":[0,1],"11":[1,1],"12":[3,1],"13":[4,3],"14":[1,3],"15":[0,5],"16":[0,2]},"_coverageSchema":"1a1c01bbd47fc00a2c39e90264f33305004495a9","hash":"a7a4a97493e8714188376a8db88f55a0e0851976"}
,"C:\\Users\\sodaw\\Documents\\Projet 9-OPC\\Billed-app-FR\\src\\containers\\Login.js": {"path":"C:\\Users\\sodaw\\Documents\\Projet 9-OPC\\Billed-app-FR\\src\\containers\\Login.js","statementMap":{"0":{"start":{"line":3,"column":31},"end":{"line":3,"column":33}},"1":{"start":{"line":14,"column":4},"end":{"line":14,"column":29}},"2":{"start":{"line":15,"column":4},"end":{"line":15,"column":37}},"3":{"start":{"line":16,"column":4},"end":{"line":16,"column":33}},"4":{"start":{"line":17,"column":4},"end":{"line":17,"column":47}},"5":{"start":{"line":18,"column":4},"end":{"line":18,"column":31}},"6":{"start":{"line":19,"column":25},"end":{"line":19,"column":89}},"7":{"start":{"line":20,"column":4},"end":{"line":20,"column":71}},"8":{"start":{"line":21,"column":22},"end":{"line":21,"column":83}},"9":{"start":{"line":22,"column":4},"end":{"line":22,"column":65}},"10":{"start":{"line":25,"column":25},"end":{"line":44,"column":3}},"11":{"start":{"line":26,"column":4},"end":{"line":29,"column":5}},"12":{"start":{"line":27,"column":6},"end":{"line":27,"column":69}},"13":{"start":{"line":28,"column":6},"end":{"line":28,"column":13}},"14":{"start":{"line":30,"column":17},"end":{"line":35,"column":5}},"15":{"start":{"line":36,"column":4},"end":{"line":36,"column":60}},"16":{"start":{"line":37,"column":23},"end":{"line":37,"column":51}},"17":{"start":{"line":38,"column":4},"end":{"line":38,"column":43}},"18":{"start":{"line":38,"column":21},"end":{"line":38,"column":43}},"19":{"start":{"line":39,"column":4},"end":{"line":39,"column":23}},"20":{"start":{"line":40,"column":4},"end":{"line":40,"column":42}},"21":{"start":{"line":41,"column":4},"end":{"line":41,"column":50}},"22":{"start":{"line":42,"column":4},"end":{"line":42,"column":47}},"23":{"start":{"line":43,"column":4},"end":{"line":43,"column":54}},"24":{"start":{"line":46,"column":22},"end":{"line":65,"column":3}},"25":{"start":{"line":47,"column":4},"end":{"line":50,"column":5}},"26":{"start":{"line":48,"column":6},"end":{"line":48,"column":66}},"27":{"start":{"line":49,"column":6},"end":{"line":49,"column":13}},"28":{"start":{"line":51,"column":17},"end":{"line":56,"column":5}},"29":{"start":{"line":57,"column":4},"end":{"line":57,"column":60}},"30":{"start":{"line":58,"column":23},"end":{"line":58,"column":51}},"31":{"start":{"line":59,"column":4},"end":{"line":59,"column":43}},"32":{"start":{"line":59,"column":21},"end":{"line":59,"column":43}},"33":{"start":{"line":60,"column":4},"end":{"line":60,"column":23}},"34":{"start":{"line":61,"column":4},"end":{"line":61,"column":46}},"35":{"start":{"line":62,"column":4},"end":{"line":62,"column":54}},"36":{"start":{"line":63,"column":4},"end":{"line":63,"column":47}},"37":{"start":{"line":64,"column":4},"end":{"line":64,"column":49}},"38":{"start":{"line":68,"column":22},"end":{"line":81,"column":3}},"39":{"start":{"line":69,"column":4},"end":{"line":80,"column":5}},"40":{"start":{"line":70,"column":6},"end":{"line":77,"column":31}},"41":{"start":{"line":71,"column":8},"end":{"line":76,"column":9}},"42":{"start":{"line":72,"column":10},"end":{"line":72,"column":56}},"43":{"start":{"line":73,"column":10},"end":{"line":73,"column":22}},"44":{"start":{"line":75,"column":10},"end":{"line":75,"column":23}},"45":{"start":{"line":77,"column":24},"end":{"line":77,"column":29}},"46":{"start":{"line":79,"column":6},"end":{"line":79,"column":18}},"47":{"start":{"line":84,"column":15},"end":{"line":97,"column":3}},"48":{"start":{"line":85,"column":4},"end":{"line":96,"column":5}},"49":{"start":{"line":86,"column":6},"end":{"line":93,"column":32}},"50":{"start":{"line":92,"column":21},"end":{"line":92,"column":70}},"51":{"start":{"line":93,"column":25},"end":{"line":93,"column":30}},"52":{"start":{"line":95,"column":6},"end":{"line":95,"column":18}}},"fnMap":{"0":{"name":"(anonymous_0)","decl":{"start":{"line":7,"column":2},"end":{"line":7,"column":3}},"loc":{"start":{"line":13,"column":17},"end":{"line":23,"column":3}},"line":13},"1":{"name":"(anonymous_1)","decl":{"start":{"line":25,"column":25},"end":{"line":25,"column":26}},"loc":{"start":{"line":25,"column":30},"end":{"line":44,"column":3}},"line":25},"2":{"name":"(anonymous_2)","decl":{"start":{"line":46,"column":22},"end":{"line":46,"column":23}},"loc":{"start":{"line":46,"column":27},"end":{"line":65,"column":3}},"line":46},"3":{"name":"(anonymous_3)","decl":{"start":{"line":68,"column":22},"end":{"line":68,"column":23}},"loc":{"start":{"line":68,"column":32},"end":{"line":81,"column":3}},"line":68},"4":{"name":"(anonymous_4)","decl":{"start":{"line":70,"column":49},"end":{"line":70,"column":50}},"loc":{"start":{"line":70,"column":58},"end":{"line":77,"column":7}},"line":70},"5":{"name":"(anonymous_5)","decl":{"start":{"line":77,"column":15},"end":{"line":77,"column":16}},"loc":{"start":{"line":77,"column":24},"end":{"line":77,"column":29}},"line":77},"6":{"name":"(anonymous_6)","decl":{"start":{"line":84,"column":15},"end":{"line":84,"column":16}},"loc":{"start":{"line":84,"column":25},"end":{"line":97,"column":3}},"line":84},"7":{"name":"(anonymous_7)","decl":{"start":{"line":92,"column":15},"end":{"line":92,"column":16}},"loc":{"start":{"line":92,"column":21},"end":{"line":92,"column":70}},"line":92},"8":{"name":"(anonymous_8)","decl":{"start":{"line":93,"column":16},"end":{"line":93,"column":17}},"loc":{"start":{"line":93,"column":25},"end":{"line":93,"column":30}},"line":93}},"branchMap":{"0":{"loc":{"start":{"line":26,"column":4},"end":{"line":29,"column":5}},"type":"if","locations":[{"start":{"line":26,"column":4},"end":{"line":29,"column":5}},{"start":{"line":26,"column":4},"end":{"line":29,"column":5}}],"line":26},"1":{"loc":{"start":{"line":38,"column":4},"end":{"line":38,"column":43}},"type":"if","locations":[{"start":{"line":38,"column":4},"end":{"line":38,"column":43}},{"start":{"line":38,"column":4},"end":{"line":38,"column":43}}],"line":38},"2":{"loc":{"start":{"line":47,"column":4},"end":{"line":50,"column":5}},"type":"if","locations":[{"start":{"line":47,"column":4},"end":{"line":50,"column":5}},{"start":{"line":47,"column":4},"end":{"line":50,"column":5}}],"line":47},"3":{"loc":{"start":{"line":59,"column":4},"end":{"line":59,"column":43}},"type":"if","locations":[{"start":{"line":59,"column":4},"end":{"line":59,"column":43}},{"start":{"line":59,"column":4},"end":{"line":59,"column":43}}],"line":59},"4":{"loc":{"start":{"line":69,"column":4},"end":{"line":80,"column":5}},"type":"if","locations":[{"start":{"line":69,"column":4},"end":{"line":80,"column":5}},{"start":{"line":69,"column":4},"end":{"line":80,"column":5}}],"line":69},"5":{"loc":{"start":{"line":71,"column":8},"end":{"line":76,"column":9}},"type":"if","locations":[{"start":{"line":71,"column":8},"end":{"line":76,"column":9}},{"start":{"line":71,"column":8},"end":{"line":76,"column":9}}],"line":71},"6":{"loc":{"start":{"line":85,"column":4},"end":{"line":96,"column":5}},"type":"if","locations":[{"start":{"line":85,"column":4},"end":{"line":96,"column":5}},{"start":{"line":85,"column":4},"end":{"line":96,"column":5}}],"line":85}},"s":{"0":1,"1":2,"2":2,"3":2,"4":2,"5":2,"6":2,"7":2,"8":2,"9":2,"10":2,"11":2,"12":0,"13":0,"14":2,"15":2,"16":2,"17":2,"18":2,"19":2,"20":2,"21":2,"22":2,"23":2,"24":2,"25":2,"26":0,"27":0,"28":2,"29":2,"30":2,"31":2,"32":2,"33":2,"34":2,"35":2,"36":2,"37":2,"38":2,"39":4,"40":0,"41":0,"42":0,"43":0,"44":0,"45":0,"46":4,"47":2,"48":4,"49":0,"50":0,"51":0,"52":4},"f":{"0":2,"1":2,"2":2,"3":4,"4":0,"5":0,"6":4,"7":0,"8":0},"b":{"0":[0,2],"1":[2,0],"2":[0,2],"3":[2,0],"4":[0,4],"5":[0,0],"6":[0,4]},"_coverageSchema":"1a1c01bbd47fc00a2c39e90264f33305004495a9","hash":"376ef914a51447228700d2c9eeba68c7efe5b751"}
,"C:\\Users\\sodaw\\Documents\\Projet 9-OPC\\Billed-app-FR\\src\\containers\\Logout.js": {"path":"C:\\Users\\sodaw\\Documents\\Projet 9-OPC\\Billed-app-FR\\src\\containers\\Logout.js","statementMap":{"0":{"start":{"line":5,"column":4},"end":{"line":5,"column":28}},"1":{"start":{"line":6,"column":4},"end":{"line":6,"column":32}},"2":{"start":{"line":7,"column":4},"end":{"line":7,"column":36}},"3":{"start":{"line":8,"column":4},"end":{"line":8,"column":51}},"4":{"start":{"line":11,"column":16},"end":{"line":14,"column":3}},"5":{"start":{"line":12,"column":4},"end":{"line":12,"column":29}},"6":{"start":{"line":13,"column":4},"end":{"line":13,"column":41}}},"fnMap":{"0":{"name":"(anonymous_0)","decl":{"start":{"line":4,"column":2},"end":{"line":4,"column":3}},"loc":{"start":{"line":4,"column":54},"end":{"line":9,"column":3}},"line":4},"1":{"name":"(anonymous_1)","decl":{"start":{"line":11,"column":16},"end":{"line":11,"column":17}},"loc":{"start":{"line":11,"column":23},"end":{"line":14,"column":3}},"line":11}},"branchMap":{},"s":{"0":6,"1":6,"2":6,"3":6,"4":6,"5":2,"6":2},"f":{"0":6,"1":2},"b":{},"_coverageSchema":"1a1c01bbd47fc00a2c39e90264f33305004495a9","hash":"d1cf63863a39adc05405e463a52bd96d952e2b58"}
,"C:\\Users\\sodaw\\Documents\\Projet 9-OPC\\Billed-app-FR\\src\\containers\\NewBill.js": {"path":"C:\\Users\\sodaw\\Documents\\Projet 9-OPC\\Billed-app-FR\\src\\containers\\NewBill.js","statementMap":{"0":{"start":{"line":5,"column":29},"end":{"line":8,"column":1}},"1":{"start":{"line":7,"column":2},"end":{"line":7,"column":66}},"2":{"start":{"line":11,"column":4},"end":{"line":11,"column":28}},"3":{"start":{"line":12,"column":4},"end":{"line":12,"column":32}},"4":{"start":{"line":13,"column":4},"end":{"line":13,"column":30}},"5":{"start":{"line":14,"column":24},"end":{"line":14,"column":88}},"6":{"start":{"line":15,"column":4},"end":{"line":15,"column":61}},"7":{"start":{"line":16,"column":17},"end":{"line":16,"column":73}},"8":{"start":{"line":17,"column":4},"end":{"line":17,"column":58}},"9":{"start":{"line":18,"column":4},"end":{"line":18,"column":23}},"10":{"start":{"line":19,"column":4},"end":{"line":19,"column":24}},"11":{"start":{"line":20,"column":4},"end":{"line":20,"column":54}},"12":{"start":{"line":22,"column":21},"end":{"line":41,"column":3}},"13":{"start":{"line":23,"column":17},"end":{"line":23,"column":82}},"14":{"start":{"line":24,"column":21},"end":{"line":24,"column":48}},"15":{"start":{"line":25,"column":21},"end":{"line":25,"column":48}},"16":{"start":{"line":27,"column":5},"end":{"line":40,"column":6}},"17":{"start":{"line":29,"column":7},"end":{"line":35,"column":11}},"18":{"start":{"line":31,"column":26},"end":{"line":31,"column":55}},"19":{"start":{"line":33,"column":11},"end":{"line":33,"column":29}},"20":{"start":{"line":34,"column":11},"end":{"line":34,"column":35}},"21":{"start":{"line":37,"column":7},"end":{"line":37,"column":24}},"22":{"start":{"line":38,"column":7},"end":{"line":38,"column":25}},"23":{"start":{"line":39,"column":7},"end":{"line":39,"column":55}},"24":{"start":{"line":42,"column":17},"end":{"line":64,"column":3}},"25":{"start":{"line":43,"column":4},"end":{"line":43,"column":22}},"26":{"start":{"line":44,"column":4},"end":{"line":47,"column":5}},"27":{"start":{"line":45,"column":6},"end":{"line":45,"column":41}},"28":{"start":{"line":46,"column":6},"end":{"line":46,"column":13}},"29":{"start":{"line":48,"column":18},"end":{"line":48,"column":64}},"30":{"start":{"line":49,"column":17},"end":{"line":61,"column":5}},"31":{"start":{"line":62,"column":4},"end":{"line":62,"column":25}},"32":{"start":{"line":63,"column":4},"end":{"line":63,"column":41}},"33":{"start":{"line":67,"column":15},"end":{"line":77,"column":3}},"34":{"start":{"line":68,"column":4},"end":{"line":76,"column":5}},"35":{"start":{"line":69,"column":6},"end":{"line":75,"column":28}},"36":{"start":{"line":73,"column":8},"end":{"line":73,"column":45}},"37":{"start":{"line":75,"column":22},"end":{"line":75,"column":27}}},"fnMap":{"0":{"name":"(anonymous_0)","decl":{"start":{"line":5,"column":29},"end":{"line":5,"column":30}},"loc":{"start":{"line":5,"column":43},"end":{"line":8,"column":1}},"line":5},"1":{"name":"(anonymous_1)","decl":{"start":{"line":10,"column":2},"end":{"line":10,"column":3}},"loc":{"start":{"line":10,"column":65},"end":{"line":21,"column":3}},"line":10},"2":{"name":"(anonymous_2)","decl":{"start":{"line":22,"column":21},"end":{"line":22,"column":22}},"loc":{"start":{"line":22,"column":26},"end":{"line":41,"column":3}},"line":22},"3":{"name":"(anonymous_3)","decl":{"start":{"line":31,"column":14},"end":{"line":31,"column":15}},"loc":{"start":{"line":31,"column":26},"end":{"line":31,"column":55}},"line":31},"4":{"name":"(anonymous_4)","decl":{"start":{"line":32,"column":14},"end":{"line":32,"column":15}},"loc":{"start":{"line":32,"column":21},"end":{"line":35,"column":10}},"line":32},"5":{"name":"(anonymous_5)","decl":{"start":{"line":42,"column":17},"end":{"line":42,"column":18}},"loc":{"start":{"line":42,"column":22},"end":{"line":64,"column":3}},"line":42},"6":{"name":"(anonymous_6)","decl":{"start":{"line":67,"column":15},"end":{"line":67,"column":16}},"loc":{"start":{"line":67,"column":25},"end":{"line":77,"column":3}},"line":67},"7":{"name":"(anonymous_7)","decl":{"start":{"line":72,"column":12},"end":{"line":72,"column":13}},"loc":{"start":{"line":72,"column":18},"end":{"line":74,"column":7}},"line":72},"8":{"name":"(anonymous_8)","decl":{"start":{"line":75,"column":13},"end":{"line":75,"column":14}},"loc":{"start":{"line":75,"column":22},"end":{"line":75,"column":27}},"line":75}},"branchMap":{"0":{"loc":{"start":{"line":27,"column":5},"end":{"line":40,"column":6}},"type":"if","locations":[{"start":{"line":27,"column":5},"end":{"line":40,"column":6}},{"start":{"line":27,"column":5},"end":{"line":40,"column":6}}],"line":27},"1":{"loc":{"start":{"line":44,"column":4},"end":{"line":47,"column":5}},"type":"if","locations":[{"start":{"line":44,"column":4},"end":{"line":47,"column":5}},{"start":{"line":44,"column":4},"end":{"line":47,"column":5}}],"line":44},"2":{"loc":{"start":{"line":56,"column":11},"end":{"line":56,"column":83}},"type":"binary-expr","locations":[{"start":{"line":56,"column":11},"end":{"line":56,"column":77}},{"start":{"line":56,"column":81},"end":{"line":56,"column":83}}],"line":56},"3":{"loc":{"start":{"line":68,"column":4},"end":{"line":76,"column":5}},"type":"if","locations":[{"start":{"line":68,"column":4},"end":{"line":76,"column":5}},{"start":{"line":68,"column":4},"end":{"line":76,"column":5}}],"line":68}},"s":{"0":1,"1":0,"2":0,"3":0,"4":0,"5":0,"6":0,"7":0,"8":0,"9":0,"10":0,"11":0,"12":0,"13":0,"14":0,"15":0,"16":0,"17":0,"18":0,"19":0,"20":0,"21":0,"22":0,"23":0,"24":0,"25":0,"26":0,"27":0,"28":0,"29":0,"30":0,"31":0,"32":0,"33":0,"34":0,"35":0,"36":0,"37":0},"f":{"0":0,"1":0,"2":0,"3":0,"4":0,"5":0,"6":0,"7":0,"8":0},"b":{"0":[0,0],"1":[0,0],"2":[0,0],"3":[0,0]},"_coverageSchema":"1a1c01bbd47fc00a2c39e90264f33305004495a9","hash":"4e65e690cc7e64d4b33c76ddc08fa191d112e555"}
,"C:\\Users\\sodaw\\Documents\\Projet 9-OPC\\Billed-app-FR\\src\\views\\Actions.js": {"path":"C:\\Users\\sodaw\\Documents\\Projet 9-OPC\\Billed-app-FR\\src\\views\\Actions.js","statementMap":{"0":{"start":{"line":5,"column":2},"end":{"line":12,"column":3}}},"fnMap":{"0":{"name":"(anonymous_0)","decl":{"start":{"line":4,"column":15},"end":{"line":4,"column":16}},"loc":{"start":{"line":4,"column":37},"end":{"line":13,"column":1}},"line":4}},"branchMap":{},"s":{"0":6},"f":{"0":6},"b":{},"_coverageSchema":"1a1c01bbd47fc00a2c39e90264f33305004495a9","hash":"e33256a0482e88e493e6be4b82d6cca153ff1173"}
,"C:\\Users\\sodaw\\Documents\\Projet 9-OPC\\Billed-app-FR\\src\\views\\BillsUI.js": {"path":"C:\\Users\\sodaw\\Documents\\Projet 9-OPC\\Billed-app-FR\\src\\views\\BillsUI.js","statementMap":{"0":{"start":{"line":7,"column":12},"end":{"line":20,"column":1}},"1":{"start":{"line":8,"column":2},"end":{"line":19,"column":6}},"2":{"start":{"line":22,"column":13},"end":{"line":36,"column":1}},"3":{"start":{"line":24,"column":2},"end":{"line":33,"column":3}},"4":{"start":{"line":25,"column":4},"end":{"line":30,"column":5}},"5":{"start":{"line":26,"column":6},"end":{"line":29,"column":9}},"6":{"start":{"line":26,"column":31},"end":{"line":29,"column":7}},"7":{"start":{"line":31,"column":4},"end":{"line":31,"column":88}},"8":{"start":{"line":31,"column":23},"end":{"line":31,"column":87}},"9":{"start":{"line":32,"column":4},"end":{"line":32,"column":47}},"10":{"start":{"line":32,"column":28},"end":{"line":32,"column":37}},"11":{"start":{"line":35,"column":2},"end":{"line":35,"column":11}},"12":{"start":{"line":40,"column":16},"end":{"line":54,"column":4}},"13":{"start":{"line":40,"column":23},"end":{"line":54,"column":3}},"14":{"start":{"line":56,"column":2},"end":{"line":60,"column":3}},"15":{"start":{"line":57,"column":4},"end":{"line":57,"column":24}},"16":{"start":{"line":58,"column":9},"end":{"line":60,"column":3}},"17":{"start":{"line":59,"column":4},"end":{"line":59,"column":27}},"18":{"start":{"line":62,"column":2},"end":{"line":90,"column":3}}},"fnMap":{"0":{"name":"(anonymous_0)","decl":{"start":{"line":7,"column":12},"end":{"line":7,"column":13}},"loc":{"start":{"line":7,"column":22},"end":{"line":20,"column":1}},"line":7},"1":{"name":"(anonymous_1)","decl":{"start":{"line":22,"column":13},"end":{"line":22,"column":14}},"loc":{"start":{"line":22,"column":23},"end":{"line":36,"column":1}},"line":22},"2":{"name":"(anonymous_2)","decl":{"start":{"line":26,"column":22},"end":{"line":26,"column":23}},"loc":{"start":{"line":26,"column":31},"end":{"line":29,"column":7}},"line":26},"3":{"name":"(anonymous_3)","decl":{"start":{"line":31,"column":14},"end":{"line":31,"column":15}},"loc":{"start":{"line":31,"column":23},"end":{"line":31,"column":87}},"line":31},"4":{"name":"(anonymous_4)","decl":{"start":{"line":32,"column":20},"end":{"line":32,"column":21}},"loc":{"start":{"line":32,"column":28},"end":{"line":32,"column":37}},"line":32},"5":{"name":"(anonymous_5)","decl":{"start":{"line":38,"column":15},"end":{"line":38,"column":16}},"loc":{"start":{"line":38,"column":52},"end":{"line":91,"column":1}},"line":38},"6":{"name":"(anonymous_6)","decl":{"start":{"line":40,"column":16},"end":{"line":40,"column":17}},"loc":{"start":{"line":40,"column":23},"end":{"line":54,"column":3}},"line":40}},"branchMap":{"0":{"loc":{"start":{"line":24,"column":2},"end":{"line":33,"column":3}},"type":"if","locations":[{"start":{"line":24,"column":2},"end":{"line":33,"column":3}},{"start":{"line":24,"column":2},"end":{"line":33,"column":3}}],"line":24},"1":{"loc":{"start":{"line":24,"column":5},"end":{"line":24,"column":24}},"type":"binary-expr","locations":[{"start":{"line":24,"column":5},"end":{"line":24,"column":9}},{"start":{"line":24,"column":13},"end":{"line":24,"column":24}}],"line":24},"2":{"loc":{"start":{"line":25,"column":4},"end":{"line":30,"column":5}},"type":"if","locations":[{"start":{"line":25,"column":4},"end":{"line":30,"column":5}},{"start":{"line":25,"column":4},"end":{"line":30,"column":5}}],"line":25},"3":{"loc":{"start":{"line":31,"column":23},"end":{"line":31,"column":87}},"type":"cond-expr","locations":[{"start":{"line":31,"column":49},"end":{"line":31,"column":51}},{"start":{"line":31,"column":55},"end":{"line":31,"column":86}}],"line":31},"4":{"loc":{"start":{"line":31,"column":55},"end":{"line":31,"column":86}},"type":"cond-expr","locations":[{"start":{"line":31,"column":81},"end":{"line":31,"column":82}},{"start":{"line":31,"column":85},"end":{"line":31,"column":86}}],"line":31},"5":{"loc":{"start":{"line":56,"column":2},"end":{"line":60,"column":3}},"type":"if","locations":[{"start":{"line":56,"column":2},"end":{"line":60,"column":3}},{"start":{"line":56,"column":2},"end":{"line":60,"column":3}}],"line":56},"6":{"loc":{"start":{"line":58,"column":9},"end":{"line":60,"column":3}},"type":"if","locations":[{"start":{"line":58,"column":9},"end":{"line":60,"column":3}},{"start":{"line":58,"column":9},"end":{"line":60,"column":3}}],"line":58}},"s":{"0":6,"1":4,"2":6,"3":5,"4":1,"5":1,"6":4,"7":1,"8":6,"9":1,"10":4,"11":4,"12":5,"13":5,"14":5,"15":0,"16":5,"17":0,"18":5},"f":{"0":4,"1":5,"2":4,"3":6,"4":4,"5":5,"6":5},"b":{"0":[1,4],"1":[5,3],"2":[1,0],"3":[3,3],"4":[3,0],"5":[0,5],"6":[0,5]},"_coverageSchema":"1a1c01bbd47fc00a2c39e90264f33305004495a9","hash":"479b0b0fe2ce977678c132c4389e85e99f9e3c29"}
,"C:\\Users\\sodaw\\Documents\\Projet 9-OPC\\Billed-app-FR\\src\\views\\DashboardFormUI.js": {"path":"C:\\Users\\sodaw\\Documents\\Projet 9-OPC\\Billed-app-FR\\src\\views\\DashboardFormUI.js","statementMap":{"0":{"start":{"line":7,"column":21},"end":{"line":22,"column":4}},"1":{"start":{"line":7,"column":28},"end":{"line":22,"column":3}},"2":{"start":{"line":26,"column":2},"end":{"line":101,"column":4}}},"fnMap":{"0":{"name":"(anonymous_0)","decl":{"start":{"line":7,"column":21},"end":{"line":7,"column":22}},"loc":{"start":{"line":7,"column":28},"end":{"line":22,"column":3}},"line":7},"1":{"name":"(anonymous_1)","decl":{"start":{"line":24,"column":15},"end":{"line":24,"column":16}},"loc":{"start":{"line":24,"column":25},"end":{"line":102,"column":1}},"line":24}},"branchMap":{"0":{"loc":{"start":{"line":79,"column":9},"end":{"line":89,"column":9}},"type":"cond-expr","locations":[{"start":{"line":79,"column":38},"end":{"line":84,"column":8}},{"start":{"line":84,"column":13},"end":{"line":89,"column":8}}],"line":79},"1":{"loc":{"start":{"line":92,"column":8},"end":{"line":97,"column":13}},"type":"cond-expr","locations":[{"start":{"line":92,"column":37},"end":{"line":97,"column":7}},{"start":{"line":97,"column":11},"end":{"line":97,"column":13}}],"line":92}},"s":{"0":6,"1":8,"2":8},"f":{"0":8,"1":8},"b":{"0":[5,3],"1":[5,3]},"_coverageSchema":"1a1c01bbd47fc00a2c39e90264f33305004495a9","hash":"06b33e39e828ffcd9c304b9991424631de48b05c"}
,"C:\\Users\\sodaw\\Documents\\Projet 9-OPC\\Billed-app-FR\\src\\views\\DashboardUI.js": {"path":"C:\\Users\\sodaw\\Documents\\Projet 9-OPC\\Billed-app-FR\\src\\views\\DashboardUI.js","statementMap":{"0":{"start":{"line":10,"column":2},"end":{"line":14,"column":3}},"1":{"start":{"line":11,"column":4},"end":{"line":11,"column":24}},"2":{"start":{"line":12,"column":9},"end":{"line":14,"column":3}},"3":{"start":{"line":13,"column":4},"end":{"line":13,"column":27}},"4":{"start":{"line":16,"column":2},"end":{"line":48,"column":3}}},"fnMap":{"0":{"name":"(anonymous_0)","decl":{"start":{"line":8,"column":15},"end":{"line":8,"column":16}},"loc":{"start":{"line":8,"column":45},"end":{"line":49,"column":1}},"line":8}},"branchMap":{"0":{"loc":{"start":{"line":10,"column":2},"end":{"line":14,"column":3}},"type":"if","locations":[{"start":{"line":10,"column":2},"end":{"line":14,"column":3}},{"start":{"line":10,"column":2},"end":{"line":14,"column":3}}],"line":10},"1":{"loc":{"start":{"line":12,"column":9},"end":{"line":14,"column":3}},"type":"if","locations":[{"start":{"line":12,"column":9},"end":{"line":14,"column":3}},{"start":{"line":12,"column":9},"end":{"line":14,"column":3}}],"line":12},"2":{"loc":{"start":{"line":22,"column":45},"end":{"line":22,"column":63}},"type":"binary-expr","locations":[{"start":{"line":22,"column":45},"end":{"line":22,"column":49}},{"start":{"line":22,"column":53},"end":{"line":22,"column":63}}],"line":22},"3":{"loc":{"start":{"line":29,"column":43},"end":{"line":29,"column":61}},"type":"binary-expr","locations":[{"start":{"line":29,"column":43},"end":{"line":29,"column":47}},{"start":{"line":29,"column":51},"end":{"line":29,"column":61}}],"line":29},"4":{"loc":{"start":{"line":36,"column":43},"end":{"line":36,"column":61}},"type":"binary-expr","locations":[{"start":{"line":36,"column":43},"end":{"line":36,"column":47}},{"start":{"line":36,"column":51},"end":{"line":36,"column":61}}],"line":36}},"s":{"0":11,"1":1,"2":10,"3":3,"4":7},"f":{"0":11},"b":{"0":[1,10],"1":[3,7],"2":[7,2],"3":[7,2],"4":[7,2]},"_coverageSchema":"1a1c01bbd47fc00a2c39e90264f33305004495a9","hash":"5cdf73d4c3527033c55d06c3870303d095e524c2"}
,"C:\\Users\\sodaw\\Documents\\Projet 9-OPC\\Billed-app-FR\\src\\views\\ErrorPage.js": {"path":"C:\\Users\\sodaw\\Documents\\Projet 9-OPC\\Billed-app-FR\\src\\views\\ErrorPage.js","statementMap":{"0":{"start":{"line":5,"column":2},"end":{"line":16,"column":3}}},"fnMap":{"0":{"name":"(anonymous_0)","decl":{"start":{"line":3,"column":15},"end":{"line":3,"column":16}},"loc":{"start":{"line":3,"column":26},"end":{"line":17,"column":1}},"line":3}},"branchMap":{"0":{"loc":{"start":{"line":13,"column":12},"end":{"line":13,"column":30}},"type":"cond-expr","locations":[{"start":{"line":13,"column":20},"end":{"line":13,"column":25}},{"start":{"line":13,"column":28},"end":{"line":13,"column":30}}],"line":13}},"s":{"0":5},"f":{"0":5},"b":{"0":[4,1]},"_coverageSchema":"1a1c01bbd47fc00a2c39e90264f33305004495a9","hash":"29216c07031f0c1dffc860eaf4e54721b74b2e38"}
,"C:\\Users\\sodaw\\Documents\\Projet 9-OPC\\Billed-app-FR\\src\\views\\LoadingPage.js": {"path":"C:\\Users\\sodaw\\Documents\\Projet 9-OPC\\Billed-app-FR\\src\\views\\LoadingPage.js","statementMap":{"0":{"start":{"line":5,"column":2},"end":{"line":12,"column":3}}},"fnMap":{"0":{"name":"(anonymous_0)","decl":{"start":{"line":3,"column":15},"end":{"line":3,"column":16}},"loc":{"start":{"line":3,"column":21},"end":{"line":13,"column":1}},"line":3}},"branchMap":{},"s":{"0":2},"f":{"0":2},"b":{},"_coverageSchema":"1a1c01bbd47fc00a2c39e90264f33305004495a9","hash":"b66a436fe38dab5b83f182790584a838809ceb98"}
,"C:\\Users\\sodaw\\Documents\\Projet 9-OPC\\Billed-app-FR\\src\\views\\LoginUI.js": {"path":"C:\\Users\\sodaw\\Documents\\Projet 9-OPC\\Billed-app-FR\\src\\views\\LoginUI.js","statementMap":{"0":{"start":{"line":4,"column":2},"end":{"line":46,"column":4}}},"fnMap":{"0":{"name":"(anonymous_0)","decl":{"start":{"line":2,"column":15},"end":{"line":2,"column":16}},"loc":{"start":{"line":2,"column":21},"end":{"line":47,"column":1}},"line":2}},"branchMap":{},"s":{"0":10},"f":{"0":10},"b":{},"_coverageSchema":"1a1c01bbd47fc00a2c39e90264f33305004495a9","hash":"91aa8716c51bbcc8020b8efca425e2239d3cf8e4"}
,"C:\\Users\\sodaw\\Documents\\Projet 9-OPC\\Billed-app-FR\\src\\views\\NewBillUI.js": {"path":"C:\\Users\\sodaw\\Documents\\Projet 9-OPC\\Billed-app-FR\\src\\views\\NewBillUI.js","statementMap":{"0":{"start":{"line":5,"column":2},"end":{"line":73,"column":4}}},"fnMap":{"0":{"name":"(anonymous_0)","decl":{"start":{"line":3,"column":15},"end":{"line":3,"column":16}},"loc":{"start":{"line":3,"column":21},"end":{"line":74,"column":1}},"line":3}},"branchMap":{},"s":{"0":2},"f":{"0":2},"b":{},"_coverageSchema":"1a1c01bbd47fc00a2c39e90264f33305004495a9","hash":"397520ec269bf0904a11e01ac29d01ff270a8fce"}
,"C:\\Users\\sodaw\\Documents\\Projet 9-OPC\\Billed-app-FR\\src\\views\\VerticalLayout.js": {"path":"C:\\Users\\sodaw\\Documents\\Projet 9-OPC\\Billed-app-FR\\src\\views\\VerticalLayout.js","statementMap":{"0":{"start":{"line":7,"column":4},"end":{"line":7,"column":51}},"1":{"start":{"line":8,"column":4},"end":{"line":10,"column":5}},"2":{"start":{"line":9,"column":6},"end":{"line":9,"column":29}},"3":{"start":{"line":11,"column":4},"end":{"line":39,"column":5}},"4":{"start":{"line":12,"column":6},"end":{"line":27,"column":7}},"5":{"start":{"line":29,"column":6},"end":{"line":38,"column":7}}},"fnMap":{"0":{"name":"(anonymous_0)","decl":{"start":{"line":5,"column":15},"end":{"line":5,"column":16}},"loc":{"start":{"line":5,"column":27},"end":{"line":40,"column":1}},"line":5}},"branchMap":{"0":{"loc":{"start":{"line":8,"column":4},"end":{"line":10,"column":5}},"type":"if","locations":[{"start":{"line":8,"column":4},"end":{"line":10,"column":5}},{"start":{"line":8,"column":4},"end":{"line":10,"column":5}}],"line":8},"1":{"loc":{"start":{"line":11,"column":4},"end":{"line":39,"column":5}},"type":"if","locations":[{"start":{"line":11,"column":4},"end":{"line":39,"column":5}},{"start":{"line":11,"column":4},"end":{"line":39,"column":5}}],"line":11},"2":{"loc":{"start":{"line":11,"column":8},"end":{"line":11,"column":40}},"type":"binary-expr","locations":[{"start":{"line":11,"column":8},"end":{"line":11,"column":12}},{"start":{"line":11,"column":16},"end":{"line":11,"column":40}}],"line":11}},"s":{"0":22,"1":22,"2":7,"3":22,"4":1,"5":21},"f":{"0":22},"b":{"0":[7,15],"1":[1,21],"2":[22,7]},"_coverageSchema":"1a1c01bbd47fc00a2c39e90264f33305004495a9","hash":"2da94af3e933321e826489a99d1342230e863cb6"}
}
