TN:
SF:src\constants\routes.js
FN:13,(anonymous_0)
FNF:1
FNH:1
FNDA:13,(anonymous_0)
DA:6,5
DA:13,5
DA:14,13
DA:16,3
DA:18,3
DA:20,1
DA:22,5
DA:24,1
LF:8
LH:8
BRDA:14,0,0,3
BRDA:14,0,1,3
BRDA:14,0,2,1
BRDA:14,0,3,5
BRDA:14,0,4,1
BRF:5
BRH:5
end_of_record
TN:
SF:src\constants\usersTest.js
FNF:0
FNH:0
LF:0
LH:0
BRF:0
BRH:0
end_of_record
TN:
SF:src\containers\Bills.js
FN:6,(anonymous_0)
FN:13,(anonymous_1)
FN:14,(anonymous_2)
FN:19,(anonymous_3)
FN:23,(anonymous_4)
FN:31,(anonymous_5)
FN:38,(anonymous_6)
FN:40,(anonymous_7)
FN:46,(anonymous_8)
FN:50,(anonymous_9)
FNF:10
FNH:0
FNDA:0,(anonymous_0)
FNDA:0,(anonymous_1)
FNDA:0,(anonymous_2)
FNDA:0,(anonymous_3)
FNDA:0,(anonymous_4)
FNDA:0,(anonymous_5)
FNDA:0,(anonymous_6)
FNDA:0,(anonymous_7)
FNDA:0,(anonymous_8)
FNDA:0,(anonymous_9)
DA:7,0
DA:8,0
DA:9,0
DA:10,0
DA:11,0
DA:12,0
DA:13,0
DA:14,0
DA:16,0
DA:19,0
DA:20,0
DA:23,0
DA:24,0
DA:25,0
DA:26,0
DA:27,0
DA:31,0
DA:32,0
DA:34,0
DA:35,0
DA:39,0
DA:40,0
DA:46,0
DA:48,0
DA:50,0
LF:25
LH:0
BRDA:11,0,0,0
BRDA:11,0,1,0
BRDA:13,1,0,0
BRDA:13,1,1,0
BRDA:32,2,0,0
BRDA:32,2,1,0
BRDA:34,3,0,0
BRDA:34,3,1,0
BRF:8
BRH:0
end_of_record
TN:
SF:src\containers\Dashboard.js
FN:8,(anonymous_0)
FN:10,(anonymous_1)
FN:29,(anonymous_2)
FN:54,(anonymous_3)
FN:55,(anonymous_4)
FN:58,(anonymous_5)
FN:70,(anonymous_6)
FN:76,(anonymous_7)
FN:77,(anonymous_8)
FN:78,(anonymous_9)
FN:83,(anonymous_10)
FN:90,(anonymous_11)
FN:95,(anonymous_12)
FN:111,(anonymous_13)
FN:112,(anonymous_14)
FN:115,(anonymous_15)
FN:125,(anonymous_16)
FN:135,(anonymous_17)
FN:150,(anonymous_18)
FN:150,(anonymous_19)
FN:151,(anonymous_20)
FN:160,(anonymous_21)
FN:165,(anonymous_22)
FN:167,(anonymous_23)
FN:180,(anonymous_24)
FN:185,(anonymous_25)
FNF:26
FNH:17
FNDA:27,(anonymous_0)
FNDA:24,(anonymous_1)
FNDA:8,(anonymous_2)
FNDA:5,(anonymous_3)
FNDA:8,(anonymous_4)
FNDA:19,(anonymous_5)
FNDA:5,(anonymous_6)
FNDA:0,(anonymous_7)
FNDA:0,(anonymous_8)
FNDA:0,(anonymous_9)
FNDA:1,(anonymous_10)
FNDA:2,(anonymous_11)
FNDA:8,(anonymous_12)
FNDA:0,(anonymous_13)
FNDA:0,(anonymous_14)
FNDA:1,(anonymous_15)
FNDA:1,(anonymous_16)
FNDA:4,(anonymous_17)
FNDA:16,(anonymous_18)
FNDA:5,(anonymous_19)
FNDA:0,(anonymous_20)
FNDA:5,(anonymous_21)
FNDA:0,(anonymous_22)
FNDA:0,(anonymous_23)
FNDA:2,(anonymous_24)
FNDA:0,(anonymous_25)
DA:8,5
DA:9,27
DA:15,24
DA:16,24
DA:19,0
DA:20,0
DA:25,24
DA:29,5
DA:30,8
DA:31,8
DA:33,8
DA:36,8
DA:54,5
DA:55,8
DA:58,5
DA:59,19
DA:61,9
DA:63,5
DA:65,5
DA:71,5
DA:72,5
DA:73,5
DA:76,5
DA:77,5
DA:78,5
DA:79,5
DA:80,5
DA:83,5
DA:84,1
DA:85,1
DA:86,1
DA:87,1
DA:91,2
DA:95,2
DA:96,8
DA:99,2
DA:100,1
DA:104,1
DA:105,1
DA:108,2
DA:110,2
DA:111,2
DA:112,2
DA:115,5
DA:116,1
DA:121,1
DA:122,1
DA:125,5
DA:126,1
DA:131,1
DA:132,1
DA:136,4
DA:137,4
DA:139,4
DA:140,1
DA:141,1
DA:144,3
DA:145,3
DA:149,4
DA:150,16
DA:151,5
DA:152,0
DA:153,0
DA:156,4
DA:160,5
DA:161,5
DA:162,0
DA:166,0
DA:167,0
DA:173,0
DA:180,5
DA:181,2
DA:182,0
DA:185,0
LF:74
LH:64
BRDA:9,0,0,6
BRDA:9,0,1,21
BRDA:9,1,0,27
BRDA:9,1,1,6
BRDA:15,2,0,24
BRDA:15,2,1,0
BRDA:21,3,0,0
BRDA:21,3,1,0
BRDA:31,4,0,0
BRDA:31,4,1,8
BRDA:33,5,0,0
BRDA:33,5,1,8
BRDA:55,6,0,4
BRDA:55,6,1,1
BRDA:55,7,0,5
BRDA:55,7,1,5
BRDA:59,8,0,9
BRDA:59,8,1,5
BRDA:59,8,2,5
BRDA:87,9,0,0
BRDA:87,9,1,1
BRDA:99,10,0,1
BRDA:99,10,1,1
BRDA:136,11,0,3
BRDA:136,11,1,1
BRDA:136,12,0,4
BRDA:136,12,1,3
BRDA:139,13,0,1
BRDA:139,13,1,3
BRDA:161,14,0,0
BRDA:161,14,1,5
BRDA:181,15,0,0
BRDA:181,15,1,2
BRF:33
BRH:25
end_of_record
TN:
SF:src\containers\Login.js
FN:7,(anonymous_0)
FN:25,(anonymous_1)
FN:46,(anonymous_2)
FN:68,(anonymous_3)
FN:70,(anonymous_4)
FN:77,(anonymous_5)
FN:84,(anonymous_6)
FN:92,(anonymous_7)
FN:93,(anonymous_8)
FNF:9
FNH:5
FNDA:2,(anonymous_0)
FNDA:2,(anonymous_1)
FNDA:2,(anonymous_2)
FNDA:4,(anonymous_3)
FNDA:0,(anonymous_4)
FNDA:0,(anonymous_5)
FNDA:4,(anonymous_6)
FNDA:0,(anonymous_7)
FNDA:0,(anonymous_8)
DA:3,1
DA:14,2
DA:15,2
DA:16,2
DA:17,2
DA:18,2
DA:19,2
DA:20,2
DA:21,2
DA:22,2
DA:25,2
DA:26,2
DA:27,0
DA:28,0
DA:30,2
DA:36,2
DA:37,2
DA:38,2
DA:39,2
DA:40,2
DA:41,2
DA:42,2
DA:43,2
DA:46,2
DA:47,2
DA:48,0
DA:49,0
DA:51,2
DA:57,2
DA:58,2
DA:59,2
DA:60,2
DA:61,2
DA:62,2
DA:63,2
DA:64,2
DA:68,2
DA:69,4
DA:70,0
DA:71,0
DA:72,0
DA:73,0
DA:75,0
DA:77,0
DA:79,4
DA:84,2
DA:85,4
DA:86,0
DA:92,0
DA:93,0
DA:95,4
LF:51
LH:38
BRDA:26,0,0,0
BRDA:26,0,1,2
BRDA:38,1,0,2
BRDA:38,1,1,0
BRDA:47,2,0,0
BRDA:47,2,1,2
BRDA:59,3,0,2
BRDA:59,3,1,0
BRDA:69,4,0,0
BRDA:69,4,1,4
BRDA:71,5,0,0
BRDA:71,5,1,0
BRDA:85,6,0,0
BRDA:85,6,1,4
BRF:14
BRH:6
end_of_record
TN:
SF:src\containers\Logout.js
FN:4,(anonymous_0)
FN:11,(anonymous_1)
FNF:2
FNH:2
FNDA:6,(anonymous_0)
FNDA:2,(anonymous_1)
DA:5,6
DA:6,6
DA:7,6
DA:8,6
DA:11,6
DA:12,2
DA:13,2
LF:7
LH:7
BRF:0
BRH:0
end_of_record
TN:
SF:src\containers\NewBill.js
FN:6,(anonymous_0)
FN:18,(anonymous_1)
FN:26,(anonymous_2)
FN:27,(anonymous_3)
FN:32,(anonymous_4)
FN:53,(anonymous_5)
FN:58,(anonymous_6)
FN:61,(anonymous_7)
FNF:8
FNH:0
FNDA:0,(anonymous_0)
FNDA:0,(anonymous_1)
FNDA:0,(anonymous_2)
FNDA:0,(anonymous_3)
FNDA:0,(anonymous_4)
FNDA:0,(anonymous_5)
FNDA:0,(anonymous_6)
FNDA:0,(anonymous_7)
DA:7,0
DA:8,0
DA:9,0
DA:10,0
DA:11,0
DA:12,0
DA:13,0
DA:14,0
DA:15,0
DA:16,0
DA:18,0
DA:19,0
DA:20,0
DA:21,0
DA:22,0
DA:26,0
DA:28,0
DA:29,0
DA:32,0
DA:33,0
DA:34,0
DA:35,0
DA:48,0
DA:49,0
DA:53,0
DA:54,0
DA:55,0
DA:59,0
DA:61,0
LF:29
LH:0
BRDA:42,0,0,0
BRDA:42,0,1,0
BRDA:54,1,0,0
BRDA:54,1,1,0
BRF:4
BRH:0
end_of_record
TN:
SF:src\views\Actions.js
FN:4,(anonymous_0)
FNF:1
FNH:1
FNDA:6,(anonymous_0)
DA:5,6
LF:1
LH:1
BRF:0
BRH:0
end_of_record
TN:
SF:src\views\BillsUI.js
FN:7,(anonymous_0)
FN:22,(anonymous_1)
FN:26,(anonymous_2)
FN:31,(anonymous_3)
FN:33,(anonymous_4)
FN:39,(anonymous_5)
FN:41,(anonymous_6)
FNF:7
FNH:7
FNDA:4,(anonymous_0)
FNDA:5,(anonymous_1)
FNDA:4,(anonymous_2)
FNDA:6,(anonymous_3)
FNDA:4,(anonymous_4)
FNDA:5,(anonymous_5)
FNDA:5,(anonymous_6)
DA:7,6
DA:8,4
DA:22,6
DA:24,5
DA:25,1
DA:26,4
DA:31,6
DA:33,4
DA:36,4
DA:41,5
DA:58,5
DA:59,0
DA:60,5
DA:61,0
DA:64,5
LF:15
LH:13
BRDA:24,0,0,1
BRDA:24,0,1,4
BRDA:24,1,0,5
BRDA:24,1,1,3
BRDA:25,2,0,1
BRDA:25,2,1,0
BRDA:31,3,0,3
BRDA:31,3,1,3
BRDA:31,4,0,3
BRDA:31,4,1,0
BRDA:58,5,0,0
BRDA:58,5,1,5
BRDA:60,6,0,0
BRDA:60,6,1,5
BRF:14
BRH:10
end_of_record
TN:
SF:src\views\DashboardFormUI.js
FN:7,(anonymous_0)
FN:24,(anonymous_1)
FNF:2
FNH:2
FNDA:8,(anonymous_0)
FNDA:8,(anonymous_1)
DA:7,8
DA:26,8
LF:2
LH:2
BRDA:79,0,0,5
BRDA:79,0,1,3
BRDA:92,1,0,5
BRDA:92,1,1,3
BRF:4
BRH:4
end_of_record
TN:
SF:src\views\DashboardUI.js
FN:8,(anonymous_0)
FNF:1
FNH:1
FNDA:11,(anonymous_0)
DA:10,11
DA:11,1
DA:12,10
DA:13,3
DA:16,7
LF:5
LH:5
BRDA:10,0,0,1
BRDA:10,0,1,10
BRDA:12,1,0,3
BRDA:12,1,1,7
BRDA:22,2,0,7
BRDA:22,2,1,2
BRDA:29,3,0,7
BRDA:29,3,1,2
BRDA:36,4,0,7
BRDA:36,4,1,2
BRF:10
BRH:10
end_of_record
TN:
SF:src\views\ErrorPage.js
FN:3,(anonymous_0)
FNF:1
FNH:1
FNDA:5,(anonymous_0)
DA:5,5
LF:1
LH:1
BRDA:13,0,0,4
BRDA:13,0,1,1
BRF:2
BRH:2
end_of_record
TN:
SF:src\views\LoadingPage.js
FN:3,(anonymous_0)
FNF:1
FNH:1
FNDA:2,(anonymous_0)
DA:5,2
LF:1
LH:1
BRF:0
BRH:0
end_of_record
TN:
SF:src\views\LoginUI.js
FN:2,(anonymous_0)
FNF:1
FNH:1
FNDA:10,(anonymous_0)
DA:4,10
LF:1
LH:1
BRF:0
BRH:0
end_of_record
TN:
SF:src\views\NewBillUI.js
FN:3,(anonymous_0)
FNF:1
FNH:1
FNDA:2,(anonymous_0)
DA:5,2
LF:1
LH:1
BRF:0
BRH:0
end_of_record
TN:
SF:src\views\VerticalLayout.js
FN:5,(anonymous_0)
FNF:1
FNH:1
FNDA:22,(anonymous_0)
DA:7,22
DA:8,22
DA:9,7
DA:11,22
DA:12,1
DA:29,21
LF:6
LH:6
BRDA:8,0,0,7
BRDA:8,0,1,15
BRDA:11,1,0,1
BRDA:11,1,1,21
BRDA:11,2,0,22
BRDA:11,2,1,7
BRF:6
BRH:6
end_of_record
