TN:
SF:src\constants\routes.js
FN:13,(anonymous_0)
FNF:1
FNH:1
FNDA:15,(anonymous_0)
DA:6,6
DA:13,6
DA:14,15
DA:16,3
DA:18,3
DA:20,3
DA:22,5
DA:24,1
LF:8
LH:8
BRDA:14,0,0,3
BRDA:14,0,1,3
BRDA:14,0,2,3
BRDA:14,0,3,5
BRDA:14,0,4,1
BRF:5
BRH:5
end_of_record
TN:
SF:src\constants\usersTest.js
FNF:0
FNH:0
LF:0
LH:0
BRF:0
BRH:0
end_of_record
TN:
SF:src\containers\Bills.js
FN:11,(anonymous_0)
FN:17,(anonymous_1)
FN:21,(anonymous_2)
FN:22,(anonymous_3)
FN:28,(anonymous_4)
FN:32,(anonymous_5)
FN:52,(anonymous_6)
FN:56,(anonymous_7)
FN:57,(anonymous_8)
FN:62,(anonymous_9)
FN:65,(anonymous_10)
FNF:11
FNH:7
FNDA:5,(anonymous_0)
FNDA:1,(anonymous_1)
FNDA:3,(anonymous_2)
FNDA:2,(anonymous_3)
FNDA:2,(anonymous_4)
FNDA:4,(anonymous_5)
FNDA:1,(anonymous_6)
FNDA:0,(anonymous_7)
FNDA:0,(anonymous_8)
FNDA:0,(anonymous_9)
FNDA:0,(anonymous_10)
DA:12,5
DA:13,5
DA:14,5
DA:15,5
DA:16,5
DA:17,3
DA:19,5
DA:20,5
DA:21,5
DA:22,3
DA:25,5
DA:28,5
DA:29,2
DA:32,5
DA:34,4
DA:35,4
DA:36,4
DA:38,4
DA:39,1
DA:40,1
DA:44,1
DA:45,3
DA:46,1
DA:47,1
DA:52,5
DA:53,1
DA:55,1
DA:56,0
DA:57,0
DA:62,0
DA:64,0
DA:65,0
LF:32
LH:27
BRDA:16,0,0,3
BRDA:16,0,1,2
BRDA:20,1,0,5
BRDA:20,1,1,0
BRDA:34,2,0,2
BRDA:34,2,1,2
BRDA:35,3,0,2
BRDA:35,3,1,2
BRDA:36,4,0,2
BRDA:36,4,1,2
BRDA:38,5,0,1
BRDA:38,5,1,3
BRDA:45,6,0,1
BRDA:45,6,1,2
BRDA:53,7,0,1
BRDA:53,7,1,0
BRDA:55,8,0,0
BRDA:55,8,1,1
BRF:18
BRH:15
end_of_record
TN:
SF:src\containers\Dashboard.js
FN:8,(anonymous_0)
FN:10,(anonymous_1)
FN:29,(anonymous_2)
FN:54,(anonymous_3)
FN:55,(anonymous_4)
FN:58,(anonymous_5)
FN:70,(anonymous_6)
FN:75,(anonymous_7)
FN:76,(anonymous_8)
FN:77,(anonymous_9)
FN:82,(anonymous_10)
FN:95,(anonymous_11)
FN:100,(anonymous_12)
FN:116,(anonymous_13)
FN:117,(anonymous_14)
FN:120,(anonymous_15)
FN:130,(anonymous_16)
FN:140,(anonymous_17)
FN:155,(anonymous_18)
FN:155,(anonymous_19)
FN:156,(anonymous_20)
FN:165,(anonymous_21)
FN:170,(anonymous_22)
FN:172,(anonymous_23)
FN:185,(anonymous_24)
FN:190,(anonymous_25)
FNF:26
FNH:17
FNDA:27,(anonymous_0)
FNDA:24,(anonymous_1)
FNDA:8,(anonymous_2)
FNDA:5,(anonymous_3)
FNDA:8,(anonymous_4)
FNDA:19,(anonymous_5)
FNDA:5,(anonymous_6)
FNDA:0,(anonymous_7)
FNDA:0,(anonymous_8)
FNDA:0,(anonymous_9)
FNDA:1,(anonymous_10)
FNDA:2,(anonymous_11)
FNDA:8,(anonymous_12)
FNDA:0,(anonymous_13)
FNDA:0,(anonymous_14)
FNDA:1,(anonymous_15)
FNDA:1,(anonymous_16)
FNDA:4,(anonymous_17)
FNDA:16,(anonymous_18)
FNDA:5,(anonymous_19)
FNDA:0,(anonymous_20)
FNDA:5,(anonymous_21)
FNDA:0,(anonymous_22)
FNDA:0,(anonymous_23)
FNDA:2,(anonymous_24)
FNDA:0,(anonymous_25)
DA:8,6
DA:9,27
DA:15,24
DA:16,24
DA:19,0
DA:20,0
DA:25,24
DA:29,6
DA:30,8
DA:31,8
DA:33,8
DA:36,8
DA:54,6
DA:55,8
DA:58,6
DA:59,19
DA:61,9
DA:63,5
DA:65,5
DA:71,5
DA:72,5
DA:73,5
DA:75,5
DA:76,5
DA:77,5
DA:78,5
DA:79,5
DA:82,5
DA:83,1
DA:84,1
DA:85,1
DA:86,1
DA:87,1
DA:88,1
DA:89,0
DA:90,0
DA:96,2
DA:100,2
DA:101,8
DA:104,2
DA:105,1
DA:109,1
DA:110,1
DA:113,2
DA:115,2
DA:116,2
DA:117,2
DA:120,5
DA:121,1
DA:126,1
DA:127,1
DA:130,5
DA:131,1
DA:136,1
DA:137,1
DA:141,4
DA:142,4
DA:144,4
DA:145,1
DA:146,1
DA:149,3
DA:150,3
DA:154,4
DA:155,16
DA:156,5
DA:157,0
DA:158,0
DA:161,4
DA:165,5
DA:166,5
DA:167,0
DA:171,0
DA:172,0
DA:178,0
DA:185,5
DA:186,2
DA:187,0
DA:190,0
LF:78
LH:66
BRDA:9,0,0,6
BRDA:9,0,1,21
BRDA:9,1,0,27
BRDA:9,1,1,6
BRDA:15,2,0,24
BRDA:15,2,1,0
BRDA:21,3,0,0
BRDA:21,3,1,0
BRDA:31,4,0,0
BRDA:31,4,1,8
BRDA:33,5,0,0
BRDA:33,5,1,8
BRDA:55,6,0,4
BRDA:55,6,1,1
BRDA:55,7,0,5
BRDA:55,7,1,5
BRDA:59,8,0,9
BRDA:59,8,1,5
BRDA:59,8,2,5
BRDA:86,9,0,1
BRDA:86,9,1,0
BRDA:88,10,0,0
BRDA:88,10,1,1
BRDA:89,11,0,0
BRDA:89,11,1,0
BRDA:104,12,0,1
BRDA:104,12,1,1
BRDA:141,13,0,3
BRDA:141,13,1,1
BRDA:141,14,0,4
BRDA:141,14,1,3
BRDA:144,15,0,1
BRDA:144,15,1,3
BRDA:166,16,0,0
BRDA:166,16,1,5
BRDA:186,17,0,0
BRDA:186,17,1,2
BRF:37
BRH:26
end_of_record
TN:
SF:src\containers\Login.js
FN:7,(anonymous_0)
FN:25,(anonymous_1)
FN:46,(anonymous_2)
FN:68,(anonymous_3)
FN:70,(anonymous_4)
FN:77,(anonymous_5)
FN:84,(anonymous_6)
FN:92,(anonymous_7)
FN:93,(anonymous_8)
FNF:9
FNH:5
FNDA:2,(anonymous_0)
FNDA:2,(anonymous_1)
FNDA:2,(anonymous_2)
FNDA:4,(anonymous_3)
FNDA:0,(anonymous_4)
FNDA:0,(anonymous_5)
FNDA:4,(anonymous_6)
FNDA:0,(anonymous_7)
FNDA:0,(anonymous_8)
DA:3,1
DA:14,2
DA:15,2
DA:16,2
DA:17,2
DA:18,2
DA:19,2
DA:20,2
DA:21,2
DA:22,2
DA:25,2
DA:26,2
DA:27,0
DA:28,0
DA:30,2
DA:36,2
DA:37,2
DA:38,2
DA:39,2
DA:40,2
DA:41,2
DA:42,2
DA:43,2
DA:46,2
DA:47,2
DA:48,0
DA:49,0
DA:51,2
DA:57,2
DA:58,2
DA:59,2
DA:60,2
DA:61,2
DA:62,2
DA:63,2
DA:64,2
DA:68,2
DA:69,4
DA:70,0
DA:71,0
DA:72,0
DA:73,0
DA:75,0
DA:77,0
DA:79,4
DA:84,2
DA:85,4
DA:86,0
DA:92,0
DA:93,0
DA:95,4
LF:51
LH:38
BRDA:26,0,0,0
BRDA:26,0,1,2
BRDA:38,1,0,2
BRDA:38,1,1,0
BRDA:47,2,0,0
BRDA:47,2,1,2
BRDA:59,3,0,2
BRDA:59,3,1,0
BRDA:69,4,0,0
BRDA:69,4,1,4
BRDA:71,5,0,0
BRDA:71,5,1,0
BRDA:85,6,0,0
BRDA:85,6,1,4
BRF:14
BRH:6
end_of_record
TN:
SF:src\containers\Logout.js
FN:4,(anonymous_0)
FN:11,(anonymous_1)
FNF:2
FNH:2
FNDA:15,(anonymous_0)
FNDA:2,(anonymous_1)
DA:5,15
DA:6,15
DA:7,15
DA:8,15
DA:11,15
DA:12,2
DA:13,2
LF:7
LH:7
BRF:0
BRH:0
end_of_record
TN:
SF:src\containers\NewBill.js
FN:6,(anonymous_0)
FN:18,(anonymous_1)
FN:27,(anonymous_2)
FN:28,(anonymous_3)
FN:38,(anonymous_4)
FN:63,(anonymous_5)
FN:68,(anonymous_6)
FN:71,(anonymous_7)
FNF:8
FNH:4
FNDA:4,(anonymous_0)
FNDA:1,(anonymous_1)
FNDA:0,(anonymous_2)
FNDA:0,(anonymous_3)
FNDA:1,(anonymous_4)
FNDA:1,(anonymous_5)
FNDA:0,(anonymous_6)
FNDA:0,(anonymous_7)
DA:7,4
DA:8,4
DA:9,4
DA:10,4
DA:11,4
DA:12,4
DA:13,4
DA:14,4
DA:15,4
DA:16,4
DA:18,4
DA:19,1
DA:20,1
DA:21,1
DA:23,1
DA:25,0
DA:27,0
DA:29,0
DA:30,0
DA:33,1
DA:34,1
DA:35,1
DA:38,4
DA:39,1
DA:40,1
DA:41,1
DA:42,1
DA:44,0
DA:45,0
DA:58,0
DA:59,0
DA:63,4
DA:64,1
DA:65,0
DA:69,0
DA:71,0
LF:36
LH:25
BRDA:23,0,0,0
BRDA:23,0,1,1
BRDA:40,1,0,1
BRDA:40,1,1,0
BRDA:52,2,0,0
BRDA:52,2,1,0
BRDA:64,3,0,0
BRDA:64,3,1,1
BRF:8
BRH:3
end_of_record
TN:
SF:src\views\Actions.js
FN:4,(anonymous_0)
FNF:1
FNH:1
FNDA:9,(anonymous_0)
DA:5,9
LF:1
LH:1
BRF:0
BRH:0
end_of_record
TN:
SF:src\views\BillsUI.js
FN:7,(anonymous_0)
FN:22,(anonymous_1)
FN:26,(anonymous_2)
FN:31,(anonymous_3)
FN:32,(anonymous_4)
FN:38,(anonymous_5)
FN:40,(anonymous_6)
FNF:7
FNH:7
FNDA:7,(anonymous_0)
FNDA:8,(anonymous_1)
FNDA:7,(anonymous_2)
FNDA:6,(anonymous_3)
FNDA:7,(anonymous_4)
FNDA:12,(anonymous_5)
FNDA:8,(anonymous_6)
DA:7,6
DA:8,7
DA:22,6
DA:24,8
DA:25,4
DA:26,7
DA:31,6
DA:32,7
DA:35,4
DA:40,12
DA:56,12
DA:57,1
DA:58,11
DA:59,3
DA:62,8
LF:15
LH:15
BRDA:24,0,0,4
BRDA:24,0,1,4
BRDA:24,1,0,8
BRDA:24,1,1,6
BRDA:25,2,0,4
BRDA:25,2,1,0
BRDA:31,3,0,3
BRDA:31,3,1,3
BRDA:31,4,0,3
BRDA:31,4,1,0
BRDA:56,5,0,1
BRDA:56,5,1,11
BRDA:58,6,0,3
BRDA:58,6,1,8
BRF:14
BRH:12
end_of_record
TN:
SF:src\views\DashboardFormUI.js
FN:7,(anonymous_0)
FN:24,(anonymous_1)
FNF:2
FNH:2
FNDA:8,(anonymous_0)
FNDA:8,(anonymous_1)
DA:7,8
DA:26,8
LF:2
LH:2
BRDA:79,0,0,5
BRDA:79,0,1,3
BRDA:92,1,0,5
BRDA:92,1,1,3
BRF:4
BRH:4
end_of_record
TN:
SF:src\views\DashboardUI.js
FN:8,(anonymous_0)
FNF:1
FNH:1
FNDA:11,(anonymous_0)
DA:10,11
DA:11,1
DA:12,10
DA:13,3
DA:16,7
LF:5
LH:5
BRDA:10,0,0,1
BRDA:10,0,1,10
BRDA:12,1,0,3
BRDA:12,1,1,7
BRDA:22,2,0,7
BRDA:22,2,1,2
BRDA:29,3,0,7
BRDA:29,3,1,2
BRDA:36,4,0,7
BRDA:36,4,1,2
BRF:10
BRH:10
end_of_record
TN:
SF:src\views\ErrorPage.js
FN:3,(anonymous_0)
FNF:1
FNH:1
FNDA:8,(anonymous_0)
DA:5,8
LF:1
LH:1
BRDA:13,0,0,7
BRDA:13,0,1,1
BRF:2
BRH:2
end_of_record
TN:
SF:src\views\LoadingPage.js
FN:3,(anonymous_0)
FNF:1
FNH:1
FNDA:3,(anonymous_0)
DA:5,3
LF:1
LH:1
BRF:0
BRH:0
end_of_record
TN:
SF:src\views\LoginUI.js
FN:2,(anonymous_0)
FNF:1
FNH:1
FNDA:10,(anonymous_0)
DA:4,10
LF:1
LH:1
BRF:0
BRH:0
end_of_record
TN:
SF:src\views\NewBillUI.js
FN:3,(anonymous_0)
FNF:1
FNH:1
FNDA:9,(anonymous_0)
DA:5,9
LF:1
LH:1
BRF:0
BRH:0
end_of_record
TN:
SF:src\views\VerticalLayout.js
FN:5,(anonymous_0)
FNF:1
FNH:1
FNDA:36,(anonymous_0)
DA:7,36
DA:8,36
DA:9,24
DA:11,36
DA:12,18
DA:29,18
LF:6
LH:6
BRDA:8,0,0,24
BRDA:8,0,1,12
BRDA:11,1,0,18
BRDA:11,1,1,18
BRDA:11,2,0,36
BRDA:11,2,1,24
BRF:6
BRH:6
end_of_record
